[32m2025-07-24 23:04:35 +0200[0m - dagster - [34mDEBUG[0m - __ASSET_JOB - cbebe0f4-83af-4b53-ae0b-1c24a458f341 - 74040 - LOGS_CAPTURED - Started capturing logs in process (pid: 74040).
[32m2025-07-24 23:04:35 +0200[0m - dagster - [34mDEBUG[0m - __ASSET_JOB - cbebe0f4-83af-4b53-ae0b-1c24a458f341 - 74040 - sqlmesh_multi_asset - STEP_START - Started execution of step "sqlmesh_multi_asset".
[32m2025-07-24 23:04:52 +0200[0m - dagster - [34mDEBUG[0m - __ASSET_JOB - cbebe0f4-83af-4b53-ae0b-1c24a458f341 - 74040 - sqlmesh_multi_asset - ASSET_MATERIALIZATION - Materialized value jaffle_db sqlmesh_jaffle_platform raw_customers.
/Users/thomastrividic/code/python/jaffle-platform/src/jaffle_platform/defs/sqlmesh_assets/resource.py:121: BetaWarning: Parameter `data_version` of initializer `Output.__init__` is currently in beta, and may have breaking changes in minor version releases, with behavior changes in patch releases.
  yield dg.Output(
[32m2025-07-24 23:04:52 +0200[0m - dagster - [34mDEBUG[0m - __ASSET_JOB - cbebe0f4-83af-4b53-ae0b-1c24a458f341 - 74040 - sqlmesh_multi_asset - STEP_OUTPUT - Yielded output "jaffle_db__sqlmesh_jaffle_platform__raw_customers" of type "Nothing". (Type check passed).
[32m2025-07-24 23:04:52 +0200[0m - dagster - [34mDEBUG[0m - __ASSET_JOB - cbebe0f4-83af-4b53-ae0b-1c24a458f341 - 74040 - sqlmesh_multi_asset - ASSET_MATERIALIZATION - Materialized value jaffle_db sqlmesh_jaffle_platform raw_customers.
[32m2025-07-24 23:04:52 +0200[0m - dagster - [34mDEBUG[0m - __ASSET_JOB - cbebe0f4-83af-4b53-ae0b-1c24a458f341 - 74040 - sqlmesh_multi_asset - ASSET_MATERIALIZATION - Materialized value jaffle_db sqlmesh_jaffle_platform raw_items.
/Users/thomastrividic/code/python/jaffle-platform/src/jaffle_platform/defs/sqlmesh_assets/resource.py:121: BetaWarning: Parameter `data_version` of initializer `Output.__init__` is currently in beta, and may have breaking changes in minor version releases, with behavior changes in patch releases.
  yield dg.Output(
[32m2025-07-24 23:04:52 +0200[0m - dagster - [34mDEBUG[0m - __ASSET_JOB - cbebe0f4-83af-4b53-ae0b-1c24a458f341 - 74040 - sqlmesh_multi_asset - STEP_OUTPUT - Yielded output "jaffle_db__sqlmesh_jaffle_platform__raw_items" of type "Nothing". (Type check passed).
[32m2025-07-24 23:04:52 +0200[0m - dagster - [34mDEBUG[0m - __ASSET_JOB - cbebe0f4-83af-4b53-ae0b-1c24a458f341 - 74040 - sqlmesh_multi_asset - ASSET_MATERIALIZATION - Materialized value jaffle_db sqlmesh_jaffle_platform raw_items.
[32m2025-07-24 23:04:52 +0200[0m - dagster - [34mDEBUG[0m - __ASSET_JOB - cbebe0f4-83af-4b53-ae0b-1c24a458f341 - 74040 - sqlmesh_multi_asset - ASSET_MATERIALIZATION - Materialized value jaffle_db sqlmesh_jaffle_platform raw_orders.
/Users/thomastrividic/code/python/jaffle-platform/src/jaffle_platform/defs/sqlmesh_assets/resource.py:121: BetaWarning: Parameter `data_version` of initializer `Output.__init__` is currently in beta, and may have breaking changes in minor version releases, with behavior changes in patch releases.
  yield dg.Output(
[32m2025-07-24 23:04:52 +0200[0m - dagster - [34mDEBUG[0m - __ASSET_JOB - cbebe0f4-83af-4b53-ae0b-1c24a458f341 - 74040 - sqlmesh_multi_asset - STEP_OUTPUT - Yielded output "jaffle_db__sqlmesh_jaffle_platform__raw_orders" of type "Nothing". (Type check passed).
[32m2025-07-24 23:04:52 +0200[0m - dagster - [34mDEBUG[0m - __ASSET_JOB - cbebe0f4-83af-4b53-ae0b-1c24a458f341 - 74040 - sqlmesh_multi_asset - ASSET_MATERIALIZATION - Materialized value jaffle_db sqlmesh_jaffle_platform raw_orders.
[32m2025-07-24 23:04:52 +0200[0m - dagster - [34mDEBUG[0m - __ASSET_JOB - cbebe0f4-83af-4b53-ae0b-1c24a458f341 - 74040 - sqlmesh_multi_asset - ASSET_MATERIALIZATION - Materialized value jaffle_db sqlmesh_jaffle_platform raw_products.
/Users/thomastrividic/code/python/jaffle-platform/src/jaffle_platform/defs/sqlmesh_assets/resource.py:121: BetaWarning: Parameter `data_version` of initializer `Output.__init__` is currently in beta, and may have breaking changes in minor version releases, with behavior changes in patch releases.
  yield dg.Output(
[32m2025-07-24 23:04:52 +0200[0m - dagster - [34mDEBUG[0m - __ASSET_JOB - cbebe0f4-83af-4b53-ae0b-1c24a458f341 - 74040 - sqlmesh_multi_asset - STEP_OUTPUT - Yielded output "jaffle_db__sqlmesh_jaffle_platform__raw_products" of type "Nothing". (Type check passed).
[32m2025-07-24 23:04:52 +0200[0m - dagster - [34mDEBUG[0m - __ASSET_JOB - cbebe0f4-83af-4b53-ae0b-1c24a458f341 - 74040 - sqlmesh_multi_asset - ASSET_MATERIALIZATION - Materialized value jaffle_db sqlmesh_jaffle_platform raw_products.
[32m2025-07-24 23:04:52 +0200[0m - dagster - [34mDEBUG[0m - __ASSET_JOB - cbebe0f4-83af-4b53-ae0b-1c24a458f341 - 74040 - sqlmesh_multi_asset - ASSET_MATERIALIZATION - Materialized value jaffle_db sqlmesh_jaffle_platform raw_stores.
/Users/thomastrividic/code/python/jaffle-platform/src/jaffle_platform/defs/sqlmesh_assets/resource.py:121: BetaWarning: Parameter `data_version` of initializer `Output.__init__` is currently in beta, and may have breaking changes in minor version releases, with behavior changes in patch releases.
  yield dg.Output(
[32m2025-07-24 23:04:52 +0200[0m - dagster - [34mDEBUG[0m - __ASSET_JOB - cbebe0f4-83af-4b53-ae0b-1c24a458f341 - 74040 - sqlmesh_multi_asset - STEP_OUTPUT - Yielded output "jaffle_db__sqlmesh_jaffle_platform__raw_stores" of type "Nothing". (Type check passed).
[32m2025-07-24 23:04:52 +0200[0m - dagster - [34mDEBUG[0m - __ASSET_JOB - cbebe0f4-83af-4b53-ae0b-1c24a458f341 - 74040 - sqlmesh_multi_asset - ASSET_MATERIALIZATION - Materialized value jaffle_db sqlmesh_jaffle_platform raw_stores.
[32m2025-07-24 23:04:52 +0200[0m - dagster - [34mDEBUG[0m - __ASSET_JOB - cbebe0f4-83af-4b53-ae0b-1c24a458f341 - 74040 - sqlmesh_multi_asset - ASSET_MATERIALIZATION - Materialized value jaffle_db sqlmesh_jaffle_platform raw_supplies.
/Users/thomastrividic/code/python/jaffle-platform/src/jaffle_platform/defs/sqlmesh_assets/resource.py:121: BetaWarning: Parameter `data_version` of initializer `Output.__init__` is currently in beta, and may have breaking changes in minor version releases, with behavior changes in patch releases.
  yield dg.Output(
[32m2025-07-24 23:04:52 +0200[0m - dagster - [34mDEBUG[0m - __ASSET_JOB - cbebe0f4-83af-4b53-ae0b-1c24a458f341 - 74040 - sqlmesh_multi_asset - STEP_OUTPUT - Yielded output "jaffle_db__sqlmesh_jaffle_platform__raw_supplies" of type "Nothing". (Type check passed).
[32m2025-07-24 23:04:52 +0200[0m - dagster - [34mDEBUG[0m - __ASSET_JOB - cbebe0f4-83af-4b53-ae0b-1c24a458f341 - 74040 - sqlmesh_multi_asset - ASSET_MATERIALIZATION - Materialized value jaffle_db sqlmesh_jaffle_platform raw_supplies.
[32m2025-07-24 23:04:52 +0200[0m - dagster - [34mDEBUG[0m - __ASSET_JOB - cbebe0f4-83af-4b53-ae0b-1c24a458f341 - 74040 - sqlmesh_multi_asset - ASSET_MATERIALIZATION - Materialized value jaffle_db sqlmesh_jaffle_platform raw_tweets.
/Users/thomastrividic/code/python/jaffle-platform/src/jaffle_platform/defs/sqlmesh_assets/resource.py:121: BetaWarning: Parameter `data_version` of initializer `Output.__init__` is currently in beta, and may have breaking changes in minor version releases, with behavior changes in patch releases.
  yield dg.Output(
[32m2025-07-24 23:04:52 +0200[0m - dagster - [34mDEBUG[0m - __ASSET_JOB - cbebe0f4-83af-4b53-ae0b-1c24a458f341 - 74040 - sqlmesh_multi_asset - STEP_OUTPUT - Yielded output "jaffle_db__sqlmesh_jaffle_platform__raw_tweets" of type "Nothing". (Type check passed).
[32m2025-07-24 23:04:52 +0200[0m - dagster - [34mDEBUG[0m - __ASSET_JOB - cbebe0f4-83af-4b53-ae0b-1c24a458f341 - 74040 - sqlmesh_multi_asset - ASSET_MATERIALIZATION - Materialized value jaffle_db sqlmesh_jaffle_platform raw_tweets.
[32m2025-07-24 23:04:52 +0200[0m - dagster - [34mDEBUG[0m - __ASSET_JOB - cbebe0f4-83af-4b53-ae0b-1c24a458f341 - 74040 - sqlmesh_multi_asset - ASSET_MATERIALIZATION - Materialized value jaffle_db sqlmesh_jaffle_platform seed_model.
/Users/thomastrividic/code/python/jaffle-platform/src/jaffle_platform/defs/sqlmesh_assets/resource.py:121: BetaWarning: Parameter `data_version` of initializer `Output.__init__` is currently in beta, and may have breaking changes in minor version releases, with behavior changes in patch releases.
  yield dg.Output(
[32m2025-07-24 23:04:52 +0200[0m - dagster - [34mDEBUG[0m - __ASSET_JOB - cbebe0f4-83af-4b53-ae0b-1c24a458f341 - 74040 - sqlmesh_multi_asset - STEP_OUTPUT - Yielded output "jaffle_db__sqlmesh_jaffle_platform__seed_model" of type "Nothing". (Type check passed).
[32m2025-07-24 23:04:52 +0200[0m - dagster - [34mDEBUG[0m - __ASSET_JOB - cbebe0f4-83af-4b53-ae0b-1c24a458f341 - 74040 - sqlmesh_multi_asset - ASSET_MATERIALIZATION - Materialized value jaffle_db sqlmesh_jaffle_platform seed_model.
[32m2025-07-24 23:04:52 +0200[0m - dagster - [34mDEBUG[0m - __ASSET_JOB - cbebe0f4-83af-4b53-ae0b-1c24a458f341 - 74040 - sqlmesh_multi_asset - ASSET_MATERIALIZATION - Materialized value jaffle_db sqlmesh_jaffle_platform incremental_model.
/Users/thomastrividic/code/python/jaffle-platform/src/jaffle_platform/defs/sqlmesh_assets/resource.py:121: BetaWarning: Parameter `data_version` of initializer `Output.__init__` is currently in beta, and may have breaking changes in minor version releases, with behavior changes in patch releases.
  yield dg.Output(
[32m2025-07-24 23:04:52 +0200[0m - dagster - [34mDEBUG[0m - __ASSET_JOB - cbebe0f4-83af-4b53-ae0b-1c24a458f341 - 74040 - sqlmesh_multi_asset - STEP_OUTPUT - Yielded output "jaffle_db__sqlmesh_jaffle_platform__incremental_model" of type "Nothing". (Type check passed).
[32m2025-07-24 23:04:52 +0200[0m - dagster - [34mDEBUG[0m - __ASSET_JOB - cbebe0f4-83af-4b53-ae0b-1c24a458f341 - 74040 - sqlmesh_multi_asset - ASSET_MATERIALIZATION - Materialized value jaffle_db sqlmesh_jaffle_platform incremental_model.
[32m2025-07-24 23:04:52 +0200[0m - dagster - [34mDEBUG[0m - __ASSET_JOB - cbebe0f4-83af-4b53-ae0b-1c24a458f341 - 74040 - sqlmesh_multi_asset - ASSET_MATERIALIZATION - Materialized value jaffle_db sqlmesh_jaffle_platform stg_customers.
/Users/thomastrividic/code/python/jaffle-platform/src/jaffle_platform/defs/sqlmesh_assets/resource.py:121: BetaWarning: Parameter `data_version` of initializer `Output.__init__` is currently in beta, and may have breaking changes in minor version releases, with behavior changes in patch releases.
  yield dg.Output(
[32m2025-07-24 23:04:52 +0200[0m - dagster - [34mDEBUG[0m - __ASSET_JOB - cbebe0f4-83af-4b53-ae0b-1c24a458f341 - 74040 - sqlmesh_multi_asset - STEP_OUTPUT - Yielded output "jaffle_db__sqlmesh_jaffle_platform__stg_customers" of type "Nothing". (Type check passed).
[32m2025-07-24 23:04:52 +0200[0m - dagster - [34mDEBUG[0m - __ASSET_JOB - cbebe0f4-83af-4b53-ae0b-1c24a458f341 - 74040 - sqlmesh_multi_asset - ASSET_MATERIALIZATION - Materialized value jaffle_db sqlmesh_jaffle_platform stg_customers.
[32m2025-07-24 23:04:52 +0200[0m - dagster - [34mDEBUG[0m - __ASSET_JOB - cbebe0f4-83af-4b53-ae0b-1c24a458f341 - 74040 - sqlmesh_multi_asset - ASSET_MATERIALIZATION - Materialized value jaffle_db sqlmesh_jaffle_platform stg_order_items.
/Users/thomastrividic/code/python/jaffle-platform/src/jaffle_platform/defs/sqlmesh_assets/resource.py:121: BetaWarning: Parameter `data_version` of initializer `Output.__init__` is currently in beta, and may have breaking changes in minor version releases, with behavior changes in patch releases.
  yield dg.Output(
[32m2025-07-24 23:04:52 +0200[0m - dagster - [34mDEBUG[0m - __ASSET_JOB - cbebe0f4-83af-4b53-ae0b-1c24a458f341 - 74040 - sqlmesh_multi_asset - STEP_OUTPUT - Yielded output "jaffle_db__sqlmesh_jaffle_platform__stg_order_items" of type "Nothing". (Type check passed).
[32m2025-07-24 23:04:52 +0200[0m - dagster - [34mDEBUG[0m - __ASSET_JOB - cbebe0f4-83af-4b53-ae0b-1c24a458f341 - 74040 - sqlmesh_multi_asset - ASSET_MATERIALIZATION - Materialized value jaffle_db sqlmesh_jaffle_platform stg_order_items.
[32m2025-07-24 23:04:52 +0200[0m - dagster - [34mDEBUG[0m - __ASSET_JOB - cbebe0f4-83af-4b53-ae0b-1c24a458f341 - 74040 - sqlmesh_multi_asset - ASSET_MATERIALIZATION - Materialized value jaffle_db sqlmesh_jaffle_platform stg_orders.
/Users/thomastrividic/code/python/jaffle-platform/src/jaffle_platform/defs/sqlmesh_assets/resource.py:121: BetaWarning: Parameter `data_version` of initializer `Output.__init__` is currently in beta, and may have breaking changes in minor version releases, with behavior changes in patch releases.
  yield dg.Output(
[32m2025-07-24 23:04:52 +0200[0m - dagster - [34mDEBUG[0m - __ASSET_JOB - cbebe0f4-83af-4b53-ae0b-1c24a458f341 - 74040 - sqlmesh_multi_asset - STEP_OUTPUT - Yielded output "jaffle_db__sqlmesh_jaffle_platform__stg_orders" of type "Nothing". (Type check passed).
[32m2025-07-24 23:04:52 +0200[0m - dagster - [34mDEBUG[0m - __ASSET_JOB - cbebe0f4-83af-4b53-ae0b-1c24a458f341 - 74040 - sqlmesh_multi_asset - ASSET_MATERIALIZATION - Materialized value jaffle_db sqlmesh_jaffle_platform stg_orders.
[32m2025-07-24 23:04:52 +0200[0m - dagster - [34mDEBUG[0m - __ASSET_JOB - cbebe0f4-83af-4b53-ae0b-1c24a458f341 - 74040 - sqlmesh_multi_asset - ASSET_MATERIALIZATION - Materialized value jaffle_db sqlmesh_jaffle_platform stg_products.
/Users/thomastrividic/code/python/jaffle-platform/src/jaffle_platform/defs/sqlmesh_assets/resource.py:121: BetaWarning: Parameter `data_version` of initializer `Output.__init__` is currently in beta, and may have breaking changes in minor version releases, with behavior changes in patch releases.
  yield dg.Output(
[32m2025-07-24 23:04:53 +0200[0m - dagster - [34mDEBUG[0m - __ASSET_JOB - cbebe0f4-83af-4b53-ae0b-1c24a458f341 - 74040 - sqlmesh_multi_asset - STEP_OUTPUT - Yielded output "jaffle_db__sqlmesh_jaffle_platform__stg_products" of type "Nothing". (Type check passed).
[32m2025-07-24 23:04:53 +0200[0m - dagster - [34mDEBUG[0m - __ASSET_JOB - cbebe0f4-83af-4b53-ae0b-1c24a458f341 - 74040 - sqlmesh_multi_asset - ASSET_MATERIALIZATION - Materialized value jaffle_db sqlmesh_jaffle_platform stg_products.
[32m2025-07-24 23:04:53 +0200[0m - dagster - [34mDEBUG[0m - __ASSET_JOB - cbebe0f4-83af-4b53-ae0b-1c24a458f341 - 74040 - sqlmesh_multi_asset - ASSET_MATERIALIZATION - Materialized value jaffle_db sqlmesh_jaffle_platform stg_stores.
/Users/thomastrividic/code/python/jaffle-platform/src/jaffle_platform/defs/sqlmesh_assets/resource.py:121: BetaWarning: Parameter `data_version` of initializer `Output.__init__` is currently in beta, and may have breaking changes in minor version releases, with behavior changes in patch releases.
  yield dg.Output(
[32m2025-07-24 23:04:53 +0200[0m - dagster - [34mDEBUG[0m - __ASSET_JOB - cbebe0f4-83af-4b53-ae0b-1c24a458f341 - 74040 - sqlmesh_multi_asset - STEP_OUTPUT - Yielded output "jaffle_db__sqlmesh_jaffle_platform__stg_stores" of type "Nothing". (Type check passed).
[32m2025-07-24 23:04:53 +0200[0m - dagster - [34mDEBUG[0m - __ASSET_JOB - cbebe0f4-83af-4b53-ae0b-1c24a458f341 - 74040 - sqlmesh_multi_asset - ASSET_MATERIALIZATION - Materialized value jaffle_db sqlmesh_jaffle_platform stg_stores.
[32m2025-07-24 23:04:53 +0200[0m - dagster - [34mDEBUG[0m - __ASSET_JOB - cbebe0f4-83af-4b53-ae0b-1c24a458f341 - 74040 - sqlmesh_multi_asset - ASSET_MATERIALIZATION - Materialized value jaffle_db sqlmesh_jaffle_platform stg_supplies.
/Users/thomastrividic/code/python/jaffle-platform/src/jaffle_platform/defs/sqlmesh_assets/resource.py:121: BetaWarning: Parameter `data_version` of initializer `Output.__init__` is currently in beta, and may have breaking changes in minor version releases, with behavior changes in patch releases.
  yield dg.Output(
[32m2025-07-24 23:04:53 +0200[0m - dagster - [34mDEBUG[0m - __ASSET_JOB - cbebe0f4-83af-4b53-ae0b-1c24a458f341 - 74040 - sqlmesh_multi_asset - STEP_OUTPUT - Yielded output "jaffle_db__sqlmesh_jaffle_platform__stg_supplies" of type "Nothing". (Type check passed).
[32m2025-07-24 23:04:53 +0200[0m - dagster - [34mDEBUG[0m - __ASSET_JOB - cbebe0f4-83af-4b53-ae0b-1c24a458f341 - 74040 - sqlmesh_multi_asset - ASSET_MATERIALIZATION - Materialized value jaffle_db sqlmesh_jaffle_platform stg_supplies.
[32m2025-07-24 23:04:53 +0200[0m - dagster - [34mDEBUG[0m - __ASSET_JOB - cbebe0f4-83af-4b53-ae0b-1c24a458f341 - 74040 - sqlmesh_multi_asset - ASSET_MATERIALIZATION - Materialized value jaffle_db sqlmesh_jaffle_platform stg_tweets.
/Users/thomastrividic/code/python/jaffle-platform/src/jaffle_platform/defs/sqlmesh_assets/resource.py:121: BetaWarning: Parameter `data_version` of initializer `Output.__init__` is currently in beta, and may have breaking changes in minor version releases, with behavior changes in patch releases.
  yield dg.Output(
[32m2025-07-24 23:04:53 +0200[0m - dagster - [34mDEBUG[0m - __ASSET_JOB - cbebe0f4-83af-4b53-ae0b-1c24a458f341 - 74040 - sqlmesh_multi_asset - STEP_OUTPUT - Yielded output "jaffle_db__sqlmesh_jaffle_platform__stg_tweets" of type "Nothing". (Type check passed).
[32m2025-07-24 23:04:53 +0200[0m - dagster - [34mDEBUG[0m - __ASSET_JOB - cbebe0f4-83af-4b53-ae0b-1c24a458f341 - 74040 - sqlmesh_multi_asset - ASSET_MATERIALIZATION - Materialized value jaffle_db sqlmesh_jaffle_platform stg_tweets.
[32m2025-07-24 23:04:53 +0200[0m - dagster - [34mDEBUG[0m - __ASSET_JOB - cbebe0f4-83af-4b53-ae0b-1c24a458f341 - 74040 - sqlmesh_multi_asset - ASSET_MATERIALIZATION - Materialized value jaffle_db sqlmesh_jaffle_platform customers.
/Users/thomastrividic/code/python/jaffle-platform/src/jaffle_platform/defs/sqlmesh_assets/resource.py:121: BetaWarning: Parameter `data_version` of initializer `Output.__init__` is currently in beta, and may have breaking changes in minor version releases, with behavior changes in patch releases.
  yield dg.Output(
[32m2025-07-24 23:04:53 +0200[0m - dagster - [34mDEBUG[0m - __ASSET_JOB - cbebe0f4-83af-4b53-ae0b-1c24a458f341 - 74040 - sqlmesh_multi_asset - STEP_OUTPUT - Yielded output "jaffle_db__sqlmesh_jaffle_platform__customers" of type "Nothing". (Type check passed).
[32m2025-07-24 23:04:53 +0200[0m - dagster - [34mDEBUG[0m - __ASSET_JOB - cbebe0f4-83af-4b53-ae0b-1c24a458f341 - 74040 - sqlmesh_multi_asset - ASSET_MATERIALIZATION - Materialized value jaffle_db sqlmesh_jaffle_platform customers.
[32m2025-07-24 23:04:53 +0200[0m - dagster - [34mDEBUG[0m - __ASSET_JOB - cbebe0f4-83af-4b53-ae0b-1c24a458f341 - 74040 - sqlmesh_multi_asset - ASSET_MATERIALIZATION - Materialized value jaffle_db sqlmesh_jaffle_platform full_model.
/Users/thomastrividic/code/python/jaffle-platform/src/jaffle_platform/defs/sqlmesh_assets/resource.py:121: BetaWarning: Parameter `data_version` of initializer `Output.__init__` is currently in beta, and may have breaking changes in minor version releases, with behavior changes in patch releases.
  yield dg.Output(
[32m2025-07-24 23:04:53 +0200[0m - dagster - [34mDEBUG[0m - __ASSET_JOB - cbebe0f4-83af-4b53-ae0b-1c24a458f341 - 74040 - sqlmesh_multi_asset - STEP_OUTPUT - Yielded output "jaffle_db__sqlmesh_jaffle_platform__full_model" of type "Nothing". (Type check passed).
[32m2025-07-24 23:04:53 +0200[0m - dagster - [34mDEBUG[0m - __ASSET_JOB - cbebe0f4-83af-4b53-ae0b-1c24a458f341 - 74040 - sqlmesh_multi_asset - ASSET_MATERIALIZATION - Materialized value jaffle_db sqlmesh_jaffle_platform full_model.
[32m2025-07-24 23:04:53 +0200[0m - dagster - [34mDEBUG[0m - __ASSET_JOB - cbebe0f4-83af-4b53-ae0b-1c24a458f341 - 74040 - sqlmesh_multi_asset - ASSET_MATERIALIZATION - Materialized value jaffle_db sqlmesh_jaffle_platform order_items.
/Users/thomastrividic/code/python/jaffle-platform/src/jaffle_platform/defs/sqlmesh_assets/resource.py:121: BetaWarning: Parameter `data_version` of initializer `Output.__init__` is currently in beta, and may have breaking changes in minor version releases, with behavior changes in patch releases.
  yield dg.Output(
[32m2025-07-24 23:04:53 +0200[0m - dagster - [34mDEBUG[0m - __ASSET_JOB - cbebe0f4-83af-4b53-ae0b-1c24a458f341 - 74040 - sqlmesh_multi_asset - STEP_OUTPUT - Yielded output "jaffle_db__sqlmesh_jaffle_platform__order_items" of type "Nothing". (Type check passed).
[32m2025-07-24 23:04:53 +0200[0m - dagster - [34mDEBUG[0m - __ASSET_JOB - cbebe0f4-83af-4b53-ae0b-1c24a458f341 - 74040 - sqlmesh_multi_asset - ASSET_MATERIALIZATION - Materialized value jaffle_db sqlmesh_jaffle_platform order_items.
[32m2025-07-24 23:04:53 +0200[0m - dagster - [34mDEBUG[0m - __ASSET_JOB - cbebe0f4-83af-4b53-ae0b-1c24a458f341 - 74040 - sqlmesh_multi_asset - ASSET_MATERIALIZATION - Materialized value jaffle_db sqlmesh_jaffle_platform products.
/Users/thomastrividic/code/python/jaffle-platform/src/jaffle_platform/defs/sqlmesh_assets/resource.py:121: BetaWarning: Parameter `data_version` of initializer `Output.__init__` is currently in beta, and may have breaking changes in minor version releases, with behavior changes in patch releases.
  yield dg.Output(
[32m2025-07-24 23:04:53 +0200[0m - dagster - [34mDEBUG[0m - __ASSET_JOB - cbebe0f4-83af-4b53-ae0b-1c24a458f341 - 74040 - sqlmesh_multi_asset - STEP_OUTPUT - Yielded output "jaffle_db__sqlmesh_jaffle_platform__products" of type "Nothing". (Type check passed).
[32m2025-07-24 23:04:53 +0200[0m - dagster - [34mDEBUG[0m - __ASSET_JOB - cbebe0f4-83af-4b53-ae0b-1c24a458f341 - 74040 - sqlmesh_multi_asset - ASSET_MATERIALIZATION - Materialized value jaffle_db sqlmesh_jaffle_platform products.
[32m2025-07-24 23:04:53 +0200[0m - dagster - [34mDEBUG[0m - __ASSET_JOB - cbebe0f4-83af-4b53-ae0b-1c24a458f341 - 74040 - sqlmesh_multi_asset - ASSET_MATERIALIZATION - Materialized value jaffle_db sqlmesh_jaffle_platform supplies.
/Users/thomastrividic/code/python/jaffle-platform/src/jaffle_platform/defs/sqlmesh_assets/resource.py:121: BetaWarning: Parameter `data_version` of initializer `Output.__init__` is currently in beta, and may have breaking changes in minor version releases, with behavior changes in patch releases.
  yield dg.Output(
[32m2025-07-24 23:04:53 +0200[0m - dagster - [34mDEBUG[0m - __ASSET_JOB - cbebe0f4-83af-4b53-ae0b-1c24a458f341 - 74040 - sqlmesh_multi_asset - STEP_OUTPUT - Yielded output "jaffle_db__sqlmesh_jaffle_platform__supplies" of type "Nothing". (Type check passed).
[32m2025-07-24 23:04:53 +0200[0m - dagster - [34mDEBUG[0m - __ASSET_JOB - cbebe0f4-83af-4b53-ae0b-1c24a458f341 - 74040 - sqlmesh_multi_asset - ASSET_MATERIALIZATION - Materialized value jaffle_db sqlmesh_jaffle_platform supplies.
[32m2025-07-24 23:04:53 +0200[0m - dagster - [34mDEBUG[0m - __ASSET_JOB - cbebe0f4-83af-4b53-ae0b-1c24a458f341 - 74040 - sqlmesh_multi_asset - ASSET_MATERIALIZATION - Materialized value jaffle_db sqlmesh_jaffle_platform tweets.
/Users/thomastrividic/code/python/jaffle-platform/src/jaffle_platform/defs/sqlmesh_assets/resource.py:121: BetaWarning: Parameter `data_version` of initializer `Output.__init__` is currently in beta, and may have breaking changes in minor version releases, with behavior changes in patch releases.
  yield dg.Output(
[32m2025-07-24 23:04:53 +0200[0m - dagster - [34mDEBUG[0m - __ASSET_JOB - cbebe0f4-83af-4b53-ae0b-1c24a458f341 - 74040 - sqlmesh_multi_asset - STEP_OUTPUT - Yielded output "jaffle_db__sqlmesh_jaffle_platform__tweets" of type "Nothing". (Type check passed).
[32m2025-07-24 23:04:53 +0200[0m - dagster - [34mDEBUG[0m - __ASSET_JOB - cbebe0f4-83af-4b53-ae0b-1c24a458f341 - 74040 - sqlmesh_multi_asset - ASSET_MATERIALIZATION - Materialized value jaffle_db sqlmesh_jaffle_platform tweets.
[32m2025-07-24 23:04:54 +0200[0m - dagster - [34mDEBUG[0m - __ASSET_JOB - cbebe0f4-83af-4b53-ae0b-1c24a458f341 - 74040 - sqlmesh_multi_asset - ASSET_MATERIALIZATION - Materialized value jaffle_db sqlmesh_jaffle_platform orders.
/Users/thomastrividic/code/python/jaffle-platform/src/jaffle_platform/defs/sqlmesh_assets/resource.py:121: BetaWarning: Parameter `data_version` of initializer `Output.__init__` is currently in beta, and may have breaking changes in minor version releases, with behavior changes in patch releases.
  yield dg.Output(
[32m2025-07-24 23:04:54 +0200[0m - dagster - [34mDEBUG[0m - __ASSET_JOB - cbebe0f4-83af-4b53-ae0b-1c24a458f341 - 74040 - sqlmesh_multi_asset - STEP_OUTPUT - Yielded output "jaffle_db__sqlmesh_jaffle_platform__orders" of type "Nothing". (Type check passed).
[32m2025-07-24 23:04:54 +0200[0m - dagster - [34mDEBUG[0m - __ASSET_JOB - cbebe0f4-83af-4b53-ae0b-1c24a458f341 - 74040 - sqlmesh_multi_asset - ASSET_MATERIALIZATION - Materialized value jaffle_db sqlmesh_jaffle_platform orders.
[32m2025-07-24 23:04:54 +0200[0m - dagster - [34mDEBUG[0m - __ASSET_JOB - cbebe0f4-83af-4b53-ae0b-1c24a458f341 - 74040 - sqlmesh_multi_asset - STEP_SUCCESS - Finished execution of step "sqlmesh_multi_asset" in 18.73s.
