[0m14:05:17.178358 [debug] [MainThread]: Sending event: {'category': 'dbt', 'action': 'invocation', 'label': 'start', 'context': [<snowplow_tracker.self_describing_json.SelfDescribingJson object at 0x107e3be90>, <snowplow_tracker.self_describing_json.SelfDescribingJson object at 0x1077a17d0>, <snowplow_tracker.self_describing_json.SelfDescribingJson object at 0x108084e10>]}


============================== 14:05:17.180197 | 7fad0bcb-a2fd-4a26-b1ee-bc614aeb9b83 ==============================
[0m14:05:17.180197 [info ] [MainThread]: Running with dbt=1.7.19
[0m14:05:17.180480 [debug] [MainThread]: running dbt with arguments {'printer_width': '80', 'indirect_selection': 'eager', 'write_json': 'False', 'log_cache_events': 'False', 'partial_parse': 'True', 'cache_selected_only': 'False', 'profiles_dir': '/Users/thomastrividic/code/python/jaffle-platform/dbt', 'version_check': 'True', 'debug': 'False', 'log_path': '/Users/thomastrividic/code/python/jaffle-platform/dbt/logs', 'warn_error': 'None', 'fail_fast': 'False', 'use_colors': 'False', 'use_experimental_parser': 'False', 'no_print': 'None', 'quiet': 'False', 'warn_error_options': 'WarnErrorOptions(include=[], exclude=[])', 'introspect': 'True', 'static_parser': 'True', 'log_format': 'default', 'target_path': 'None', 'invocation_command': 'dbt --no-write-json --no-use-colors --no-populate-cache debug', 'send_anonymous_usage_stats': 'True'}
[0m14:05:17.180783 [info ] [MainThread]: dbt version: 1.7.19
[0m14:05:17.180932 [info ] [MainThread]: python version: 3.11.10
[0m14:05:17.181073 [info ] [MainThread]: python path: /Users/thomastrividic/.cursor/extensions/.turntable-venv/bin/python
[0m14:05:17.181197 [info ] [MainThread]: os info: macOS-15.5-arm64-arm-64bit
[0m14:05:17.183281 [info ] [MainThread]: Error importing adapter: No module named 'dbt.adapters.duckdb'
[0m14:05:17.183507 [info ] [MainThread]: Using profiles dir at /Users/thomastrividic/code/python/jaffle-platform/dbt
[0m14:05:17.183633 [info ] [MainThread]: Using profiles.yml file at /Users/thomastrividic/code/python/jaffle-platform/dbt/profiles.yml
[0m14:05:17.183752 [info ] [MainThread]: Using dbt_project.yml file at /Users/thomastrividic/code/python/jaffle-platform/dbt/dbt_project.yml
[0m14:05:17.230461 [info ] [MainThread]: Configuration:
[0m14:05:17.230680 [info ] [MainThread]:   profiles.yml file [ERROR invalid]
[0m14:05:17.230824 [info ] [MainThread]:   dbt_project.yml file [OK found and valid]
[0m14:05:17.230949 [info ] [MainThread]: Required dependencies:
[0m14:05:17.231127 [debug] [MainThread]: Executing "git --help"
[0m14:05:17.245349 [debug] [MainThread]: STDOUT: "b"usage: git [-v | --version] [-h | --help] [-C <path>] [-c <name>=<value>]\n           [--exec-path[=<path>]] [--html-path] [--man-path] [--info-path]\n           [-p | --paginate | -P | --no-pager] [--no-replace-objects] [--bare]\n           [--git-dir=<path>] [--work-tree=<path>] [--namespace=<name>]\n           [--super-prefix=<path>] [--config-env=<name>=<envvar>]\n           <command> [<args>]\n\nThese are common Git commands used in various situations:\n\nstart a working area (see also: git help tutorial)\n   clone     Clone a repository into a new directory\n   init      Create an empty Git repository or reinitialize an existing one\n\nwork on the current change (see also: git help everyday)\n   add       Add file contents to the index\n   mv        Move or rename a file, a directory, or a symlink\n   restore   Restore working tree files\n   rm        Remove files from the working tree and from the index\n\nexamine the history and state (see also: git help revisions)\n   bisect    Use binary search to find the commit that introduced a bug\n   diff      Show changes between commits, commit and working tree, etc\n   grep      Print lines matching a pattern\n   log       Show commit logs\n   show      Show various types of objects\n   status    Show the working tree status\n\ngrow, mark and tweak your common history\n   branch    List, create, or delete branches\n   commit    Record changes to the repository\n   merge     Join two or more development histories together\n   rebase    Reapply commits on top of another base tip\n   reset     Reset current HEAD to the specified state\n   switch    Switch branches\n   tag       Create, list, delete or verify a tag object signed with GPG\n\ncollaborate (see also: git help workflows)\n   fetch     Download objects and refs from another repository\n   pull      Fetch from and integrate with another repository or a local branch\n   push      Update remote refs along with associated objects\n\n'git help -a' and 'git help -g' list available subcommands and some\nconcept guides. See 'git help <command>' or 'git help <concept>'\nto read about a specific subcommand or concept.\nSee 'git help git' for an overview of the system.\n""
[0m14:05:17.245719 [debug] [MainThread]: STDERR: "b''"
[0m14:05:17.245870 [info ] [MainThread]:  - git [OK found]

[0m14:05:17.246006 [info ] [MainThread]: Connection test skipped since no profile was found
[0m14:05:17.246143 [info ] [MainThread]: 1 check failed:
[0m14:05:17.246262 [info ] [MainThread]: Profile loading failed for the following reason:
Runtime Error
  Credentials in profile "local", target "prod" invalid: Runtime Error
    Could not find adapter type duckdb!


[0m14:05:17.246667 [debug] [MainThread]: Resource report: {"command_name": "debug", "command_wall_clock_time": 0.105509624, "process_user_time": 0.893784, "process_kernel_time": 0.094677, "process_mem_max_rss": "113459200", "command_success": false, "process_in_blocks": "0", "process_out_blocks": "0"}
[0m14:05:17.246884 [debug] [MainThread]: Command `dbt debug` failed at 14:05:17.246834 after 0.11 seconds
[0m14:05:17.247113 [debug] [MainThread]: Sending event: {'category': 'dbt', 'action': 'invocation', 'label': 'end', 'context': [<snowplow_tracker.self_describing_json.SelfDescribingJson object at 0x1077a17d0>, <snowplow_tracker.self_describing_json.SelfDescribingJson object at 0x102afad50>, <snowplow_tracker.self_describing_json.SelfDescribingJson object at 0x102b93810>]}
[0m14:05:17.247339 [debug] [MainThread]: Flushing usage events
[0m12:46:01.829183 [debug] [MainThread]: Sending event: {'category': 'dbt', 'action': 'invocation', 'label': 'start', 'context': [<snowplow_tracker.self_describing_json.SelfDescribingJson object at 0x1121fead0>, <snowplow_tracker.self_describing_json.SelfDescribingJson object at 0x112278150>, <snowplow_tracker.self_describing_json.SelfDescribingJson object at 0x112278ad0>]}


============================== 12:46:01.831318 | efdc9a0a-5a50-47d0-913f-a6efc5aae2d1 ==============================
[0m12:46:01.831318 [info ] [MainThread]: Running with dbt=1.7.19
[0m12:46:01.831621 [debug] [MainThread]: running dbt with arguments {'printer_width': '80', 'indirect_selection': 'eager', 'write_json': 'False', 'log_cache_events': 'False', 'partial_parse': 'True', 'cache_selected_only': 'False', 'profiles_dir': '/Users/thomastrividic/code/python/jaffle-platform/dbt', 'debug': 'False', 'version_check': 'True', 'log_path': '/Users/thomastrividic/code/python/jaffle-platform/dbt/logs', 'warn_error': 'None', 'fail_fast': 'False', 'use_colors': 'False', 'use_experimental_parser': 'False', 'no_print': 'None', 'quiet': 'False', 'log_format': 'default', 'static_parser': 'True', 'invocation_command': 'dbt --no-write-json --no-use-colors --no-populate-cache debug', 'introspect': 'True', 'target_path': 'None', 'warn_error_options': 'WarnErrorOptions(include=[], exclude=[])', 'send_anonymous_usage_stats': 'True'}
[0m12:46:01.831934 [info ] [MainThread]: dbt version: 1.7.19
[0m12:46:01.832088 [info ] [MainThread]: python version: 3.11.10
[0m12:46:01.832237 [info ] [MainThread]: python path: /Users/thomastrividic/.cursor/extensions/.turntable-venv/bin/python
[0m12:46:01.832365 [info ] [MainThread]: os info: macOS-15.5-arm64-arm-64bit
[0m12:46:01.834661 [info ] [MainThread]: Error importing adapter: No module named 'dbt.adapters.duckdb'
[0m12:46:01.834966 [info ] [MainThread]: Using profiles dir at /Users/thomastrividic/code/python/jaffle-platform/dbt
[0m12:46:01.835107 [info ] [MainThread]: Using profiles.yml file at /Users/thomastrividic/code/python/jaffle-platform/dbt/profiles.yml
[0m12:46:01.835248 [info ] [MainThread]: Using dbt_project.yml file at /Users/thomastrividic/code/python/jaffle-platform/dbt/dbt_project.yml
[0m12:46:01.883330 [info ] [MainThread]: Configuration:
[0m12:46:01.883587 [info ] [MainThread]:   profiles.yml file [ERROR invalid]
[0m12:46:01.883722 [info ] [MainThread]:   dbt_project.yml file [OK found and valid]
[0m12:46:01.883845 [info ] [MainThread]: Required dependencies:
[0m12:46:01.884017 [debug] [MainThread]: Executing "git --help"
[0m12:46:01.897742 [debug] [MainThread]: STDOUT: "b"usage: git [-v | --version] [-h | --help] [-C <path>] [-c <name>=<value>]\n           [--exec-path[=<path>]] [--html-path] [--man-path] [--info-path]\n           [-p | --paginate | -P | --no-pager] [--no-replace-objects] [--bare]\n           [--git-dir=<path>] [--work-tree=<path>] [--namespace=<name>]\n           [--super-prefix=<path>] [--config-env=<name>=<envvar>]\n           <command> [<args>]\n\nThese are common Git commands used in various situations:\n\nstart a working area (see also: git help tutorial)\n   clone     Clone a repository into a new directory\n   init      Create an empty Git repository or reinitialize an existing one\n\nwork on the current change (see also: git help everyday)\n   add       Add file contents to the index\n   mv        Move or rename a file, a directory, or a symlink\n   restore   Restore working tree files\n   rm        Remove files from the working tree and from the index\n\nexamine the history and state (see also: git help revisions)\n   bisect    Use binary search to find the commit that introduced a bug\n   diff      Show changes between commits, commit and working tree, etc\n   grep      Print lines matching a pattern\n   log       Show commit logs\n   show      Show various types of objects\n   status    Show the working tree status\n\ngrow, mark and tweak your common history\n   branch    List, create, or delete branches\n   commit    Record changes to the repository\n   merge     Join two or more development histories together\n   rebase    Reapply commits on top of another base tip\n   reset     Reset current HEAD to the specified state\n   switch    Switch branches\n   tag       Create, list, delete or verify a tag object signed with GPG\n\ncollaborate (see also: git help workflows)\n   fetch     Download objects and refs from another repository\n   pull      Fetch from and integrate with another repository or a local branch\n   push      Update remote refs along with associated objects\n\n'git help -a' and 'git help -g' list available subcommands and some\nconcept guides. See 'git help <command>' or 'git help <concept>'\nto read about a specific subcommand or concept.\nSee 'git help git' for an overview of the system.\n""
[0m12:46:01.898144 [debug] [MainThread]: STDERR: "b''"
[0m12:46:01.898315 [info ] [MainThread]:  - git [OK found]

[0m12:46:01.898460 [info ] [MainThread]: Connection test skipped since no profile was found
[0m12:46:01.898601 [info ] [MainThread]: 1 check failed:
[0m12:46:01.898730 [info ] [MainThread]: Profile loading failed for the following reason:
Runtime Error
  Credentials in profile "local", target "prod" invalid: Runtime Error
    Could not find adapter type duckdb!


[0m12:46:01.899133 [debug] [MainThread]: Resource report: {"command_name": "debug", "command_wall_clock_time": 0.10372309, "process_user_time": 0.892999, "process_kernel_time": 0.106107, "process_mem_max_rss": "112476160", "command_success": false, "process_in_blocks": "0", "process_out_blocks": "0"}
[0m12:46:01.899363 [debug] [MainThread]: Command `dbt debug` failed at 12:46:01.899305 after 0.10 seconds
[0m12:46:01.899586 [debug] [MainThread]: Sending event: {'category': 'dbt', 'action': 'invocation', 'label': 'end', 'context': [<snowplow_tracker.self_describing_json.SelfDescribingJson object at 0x102842cd0>, <snowplow_tracker.self_describing_json.SelfDescribingJson object at 0x11227a6d0>, <snowplow_tracker.self_describing_json.SelfDescribingJson object at 0x11227a5d0>]}
[0m12:46:01.899940 [debug] [MainThread]: Flushing usage events
[0m14:31:49.272767 [debug] [MainThread]: Sending event: {'category': 'dbt', 'action': 'invocation', 'label': 'start', 'context': [<snowplow_tracker.self_describing_json.SelfDescribingJson object at 0x10b5fea50>, <snowplow_tracker.self_describing_json.SelfDescribingJson object at 0x10a827450>, <snowplow_tracker.self_describing_json.SelfDescribingJson object at 0x10b678cd0>]}


============================== 14:31:49.275005 | 39531779-4d7b-4fd2-96b9-3d343abe2565 ==============================
[0m14:31:49.275005 [info ] [MainThread]: Running with dbt=1.7.19
[0m14:31:49.275319 [debug] [MainThread]: running dbt with arguments {'printer_width': '80', 'indirect_selection': 'eager', 'write_json': 'False', 'log_cache_events': 'False', 'partial_parse': 'True', 'cache_selected_only': 'False', 'warn_error': 'None', 'fail_fast': 'False', 'version_check': 'True', 'log_path': '/Users/thomastrividic/code/python/jaffle-platform/dbt/logs', 'debug': 'False', 'profiles_dir': '/Users/thomastrividic/code/python/jaffle-platform/dbt', 'use_colors': 'False', 'use_experimental_parser': 'False', 'no_print': 'None', 'quiet': 'False', 'warn_error_options': 'WarnErrorOptions(include=[], exclude=[])', 'static_parser': 'True', 'invocation_command': 'dbt --no-write-json --no-use-colors --no-populate-cache debug', 'introspect': 'True', 'target_path': 'None', 'log_format': 'default', 'send_anonymous_usage_stats': 'True'}
[0m14:31:49.275641 [info ] [MainThread]: dbt version: 1.7.19
[0m14:31:49.275796 [info ] [MainThread]: python version: 3.11.10
[0m14:31:49.275935 [info ] [MainThread]: python path: /Users/thomastrividic/.cursor/extensions/.turntable-venv/bin/python
[0m14:31:49.276062 [info ] [MainThread]: os info: macOS-15.5-arm64-arm-64bit
[0m14:31:49.278403 [info ] [MainThread]: Error importing adapter: No module named 'dbt.adapters.duckdb'
[0m14:31:49.278684 [info ] [MainThread]: Using profiles dir at /Users/thomastrividic/code/python/jaffle-platform/dbt
[0m14:31:49.278818 [info ] [MainThread]: Using profiles.yml file at /Users/thomastrividic/code/python/jaffle-platform/dbt/profiles.yml
[0m14:31:49.278939 [info ] [MainThread]: Using dbt_project.yml file at /Users/thomastrividic/code/python/jaffle-platform/dbt/dbt_project.yml
[0m14:31:49.325468 [info ] [MainThread]: Configuration:
[0m14:31:49.325726 [info ] [MainThread]:   profiles.yml file [ERROR invalid]
[0m14:31:49.325871 [info ] [MainThread]:   dbt_project.yml file [OK found and valid]
[0m14:31:49.325998 [info ] [MainThread]: Required dependencies:
[0m14:31:49.326165 [debug] [MainThread]: Executing "git --help"
[0m14:31:49.338878 [debug] [MainThread]: STDOUT: "b"usage: git [-v | --version] [-h | --help] [-C <path>] [-c <name>=<value>]\n           [--exec-path[=<path>]] [--html-path] [--man-path] [--info-path]\n           [-p | --paginate | -P | --no-pager] [--no-replace-objects] [--bare]\n           [--git-dir=<path>] [--work-tree=<path>] [--namespace=<name>]\n           [--super-prefix=<path>] [--config-env=<name>=<envvar>]\n           <command> [<args>]\n\nThese are common Git commands used in various situations:\n\nstart a working area (see also: git help tutorial)\n   clone     Clone a repository into a new directory\n   init      Create an empty Git repository or reinitialize an existing one\n\nwork on the current change (see also: git help everyday)\n   add       Add file contents to the index\n   mv        Move or rename a file, a directory, or a symlink\n   restore   Restore working tree files\n   rm        Remove files from the working tree and from the index\n\nexamine the history and state (see also: git help revisions)\n   bisect    Use binary search to find the commit that introduced a bug\n   diff      Show changes between commits, commit and working tree, etc\n   grep      Print lines matching a pattern\n   log       Show commit logs\n   show      Show various types of objects\n   status    Show the working tree status\n\ngrow, mark and tweak your common history\n   branch    List, create, or delete branches\n   commit    Record changes to the repository\n   merge     Join two or more development histories together\n   rebase    Reapply commits on top of another base tip\n   reset     Reset current HEAD to the specified state\n   switch    Switch branches\n   tag       Create, list, delete or verify a tag object signed with GPG\n\ncollaborate (see also: git help workflows)\n   fetch     Download objects and refs from another repository\n   pull      Fetch from and integrate with another repository or a local branch\n   push      Update remote refs along with associated objects\n\n'git help -a' and 'git help -g' list available subcommands and some\nconcept guides. See 'git help <command>' or 'git help <concept>'\nto read about a specific subcommand or concept.\nSee 'git help git' for an overview of the system.\n""
[0m14:31:49.339356 [debug] [MainThread]: STDERR: "b''"
[0m14:31:49.339523 [info ] [MainThread]:  - git [OK found]

[0m14:31:49.339667 [info ] [MainThread]: Connection test skipped since no profile was found
[0m14:31:49.339798 [info ] [MainThread]: 1 check failed:
[0m14:31:49.339924 [info ] [MainThread]: Profile loading failed for the following reason:
Runtime Error
  Credentials in profile "local", target "prod" invalid: Runtime Error
    Could not find adapter type duckdb!


[0m14:31:49.340324 [debug] [MainThread]: Resource report: {"command_name": "debug", "command_wall_clock_time": 0.101239, "process_user_time": 0.831319, "process_kernel_time": 0.088958, "process_mem_max_rss": "112164864", "command_success": false, "process_in_blocks": "0", "process_out_blocks": "0"}
[0m14:31:49.340557 [debug] [MainThread]: Command `dbt debug` failed at 14:31:49.340495 after 0.10 seconds
[0m14:31:49.340783 [debug] [MainThread]: Sending event: {'category': 'dbt', 'action': 'invocation', 'label': 'end', 'context': [<snowplow_tracker.self_describing_json.SelfDescribingJson object at 0x104e0ad50>, <snowplow_tracker.self_describing_json.SelfDescribingJson object at 0x10b667f90>, <snowplow_tracker.self_describing_json.SelfDescribingJson object at 0x10b664050>]}
[0m14:31:49.340993 [debug] [MainThread]: Flushing usage events
[0m22:48:40.243264 [debug] [MainThread]: Sending event: {'category': 'dbt', 'action': 'invocation', 'label': 'start', 'context': [<snowplow_tracker.self_describing_json.SelfDescribingJson object at 0x12e809690>, <snowplow_tracker.self_describing_json.SelfDescribingJson object at 0x12e80b890>, <snowplow_tracker.self_describing_json.SelfDescribingJson object at 0x12e8b1210>]}


============================== 22:48:40.245274 | ddcdbbc8-05ec-4e1f-9832-1cae21525901 ==============================
[0m22:48:40.245274 [info ] [MainThread]: Running with dbt=1.7.19
[0m22:48:40.245579 [debug] [MainThread]: running dbt with arguments {'printer_width': '80', 'indirect_selection': 'eager', 'write_json': 'True', 'log_cache_events': 'False', 'partial_parse': 'True', 'cache_selected_only': 'False', 'profiles_dir': '/Users/thomastrividic/code/python/jaffle-platform/dbt_project', 'debug': 'False', 'fail_fast': 'False', 'log_path': '/Users/thomastrividic/code/python/jaffle-platform/dbt_project/logs', 'warn_error': 'None', 'version_check': 'True', 'use_colors': 'False', 'use_experimental_parser': 'False', 'no_print': 'None', 'quiet': 'False', 'log_format': 'default', 'static_parser': 'True', 'invocation_command': 'dbt docs-generate --project-dir=/Users/thomastrividic/code/python/jaffle-platform/dbt_project --target-dir=/Users/thomastrividic/code/python/jaffle-platform/dbt_project/target --dialect=bigquery --version=1.7', 'introspect': 'True', 'target_path': '/Users/thomastrividic/code/python/jaffle-platform/dbt_project/target', 'warn_error_options': 'WarnErrorOptions(include=[], exclude=[])', 'send_anonymous_usage_stats': 'True'}
[0m22:48:40.247626 [info ] [MainThread]: Error importing adapter: No module named 'dbt.adapters.duckdb'
[0m22:48:40.247880 [error] [MainThread]: Encountered an error:
Runtime Error
  Credentials in profile "local", target "prod" invalid: Runtime Error
    Could not find adapter type duckdb!
[0m22:48:40.249025 [debug] [MainThread]: Resource report: {"command_name": "generate", "command_wall_clock_time": 0.041766375, "process_user_time": 1.110444, "process_kernel_time": 0.241322, "process_mem_max_rss": "205783040", "command_success": false, "process_in_blocks": "0", "process_out_blocks": "0"}
[0m22:48:40.249256 [debug] [MainThread]: Command `cli docs generate` failed at 22:48:40.249202 after 0.04 seconds
[0m22:48:40.249414 [debug] [MainThread]: Sending event: {'category': 'dbt', 'action': 'invocation', 'label': 'end', 'context': [<snowplow_tracker.self_describing_json.SelfDescribingJson object at 0x12e890a10>, <snowplow_tracker.self_describing_json.SelfDescribingJson object at 0x12dffff10>, <snowplow_tracker.self_describing_json.SelfDescribingJson object at 0x12dfffe10>]}
[0m22:48:40.249569 [debug] [MainThread]: Flushing usage events
